<?xml version="1.0" encoding="UTF-8" ?>
<testsuite tests="6" failures="0" name="com.chrisyoo.introduction_to_testing_warburton.CafeTest" time="0.003" errors="0" skipped="0">
  <properties>
[...]
</properties>
  <testcase classname="com.chrisyoo.introduction_to_testing_warburton.CafeTest" name="canBrewLatte" time="0.003"/>
  <testcase classname="com.chrisyoo.introduction_to_testing_warburton.CafeTest" name="lattesRequireMilk" time="0"/>
  <testcase classname="com.chrisyoo.introduction_to_testing_warburton.CafeTest" name="brewingEspressoConsumesBeans" time="0"/>
  <testcase classname="com.chrisyoo.introduction_to_testing_warburton.CafeTest" name="canBrewEspresso" time="0"/>
  <testcase classname="com.chrisyoo.introduction_to_testing_warburton.CafeTest" name="mustRestockBeans" time="0"/>
  <testcase classname="com.chrisyoo.introduction_to_testing_warburton.CafeTest" name="mustRestockMilk" time="0"/>
</testsuite>